Right Sweep 0, E = 1.8840238115836394
Left Sweep  0, E = 2.3316540493118203
Right Sweep 1, E = 2.3350521766599206
Left Sweep  1, E = 2.3359362127093055
Right Sweep 2, E = 2.3361852737175566
Left Sweep  2, E = 2.3361908681915358
Right Sweep 3, E = 2.3361921765244227
Left Sweep  3, E = 2.336192041481355
Right Sweep 4, E = 2.3361920272194916
Left Sweep  4, E = 2.3361920272194916

###########################################################################
Converged at E = 2.3361920272194907
  Final Bond Dimension = 700
  Avg time per iter for final M = 0.0014141824510362413 s
  Total Time = 0.13326430320739746 s
###########################################################################



Exact Diagonalization Results Obtained
==================================================
E = (2.336192026855134-2.5381782310566903e-15j)
==================================================


Mean Field Convergence Achevied after 61 iterations
==================================================
E = (2.1569830288460947+3.061475537021612e-17j)
==================================================

Run 2D - Not Aligned

Right Sweep 0, E = 47.59389654701445
Left Sweep  0, E = 23.060988521283875
Right Sweep 1, E = 23.29101996363287
Left Sweep  1, E = 23.253085851462945
Right Sweep 2, E = 23.25223734288864
Left Sweep  2, E = 23.28123387911382

!!!!!!!!!!!!!!!!!!!!!!!!!!!!!!!!!!!!!!!!!!!!!!!!!!!!!!!!!!!!!!!!!!!!!!!!!!!
Not Converged at E = 23.286132313824446
  Final Bond Dimension = 700
  Avg time per iter for final M = 6.909464661119763 s
  Total Time = 4259.108364582062 s
!!!!!!!!!!!!!!!!!!!!!!!!!!!!!!!!!!!!!!!!!!!!!!!!!!!!!!!!!!!!!!!!!!!!!!!!!!!

