Right Sweep 0, E = 2.427104446398885
Left Sweep  0, E = 2.631470815721439
Right Sweep 1, E = 2.636857695426703
Left Sweep  1, E = 2.6382797760176944
Right Sweep 2, E = 2.6388029113205613
Left Sweep  2, E = 2.6388588440508856
Right Sweep 3, E = 2.6388655963785688
Left Sweep  3, E = 2.6388664904134713
Right Sweep 4, E = 2.6388666100045555
Left Sweep  4, E = 2.6388666130983993
Right Sweep 5, E = 2.6388666133872287
Left Sweep  5, E = 2.63886661338722

###########################################################################
Converged at E = 2.6388666133872203
  Final Bond Dimension = 100
  Avg time per iter for final M = 0.0016421242193742232 s
  Total Time = 0.3460092544555664 s
###########################################################################



Exact Diagonalization Results Obtained
==================================================
E = (2.6388666121858426+1.913180878837803e-15j)
==================================================


Mean Field Convergence Achevied after 313 iterations
==================================================
E = (2.4238302835774426-4.46209818889915e-17j)
==================================================

Run 2D - Not Aligned

Right Sweep 0, E = 64.93155623705493
Left Sweep  0, E = 31.5201198070379
Right Sweep 1, E = 31.375969105480483
Left Sweep  1, E = 31.172870958082335
Right Sweep 2, E = 31.360438446488548
Left Sweep  2, E = 31.421429095865456

!!!!!!!!!!!!!!!!!!!!!!!!!!!!!!!!!!!!!!!!!!!!!!!!!!!!!!!!!!!!!!!!!!!!!!!!!!!
Not Converged at E = 31.465894893032484
  Final Bond Dimension = 100
  Avg time per iter for final M = 0.046639294613213526 s
  Total Time = 41.56929874420166 s
!!!!!!!!!!!!!!!!!!!!!!!!!!!!!!!!!!!!!!!!!!!!!!!!!!!!!!!!!!!!!!!!!!!!!!!!!!!

