
Intel MKL ERROR: Parameter 4 was incorrect on entry to DLASCL.

Intel MKL ERROR: Parameter 4 was incorrect on entry to DLASCL.
Right Sweep 0, E = 2.9701850812141255
Left Sweep  0, E = 2.936617361906665
Right Sweep 1, E = 2.9444676089497483
Left Sweep  1, E = 2.9446705744009076
Right Sweep 2, E = 2.9452921856328507
Left Sweep  2, E = 2.9453563989079052
Right Sweep 3, E = 2.9453545180567846
Left Sweep  3, E = 2.9453553296444595
Right Sweep 4, E = 2.945356392890669
Left Sweep  4, E = 2.9453562237433877
Right Sweep 5, E = 2.94535621094979
Left Sweep  5, E = 2.945356222278155
Right Sweep 6, E = 2.945356223973787
Left Sweep  6, E = 2.945356223973791

###########################################################################
Converged at E = 2.9453562239737923
  Final Bond Dimension = 600
  Avg time per iter for final M = 0.0027395630930806252 s
  Total Time = 0.5137147903442383 s
###########################################################################

!!!!!!!!!!!!!!!!!!!!!!!!!!!!!!!!!!!!!!!!!!!!!!!!!!
Exact Diagonalization limited to systems of 12 or fewer sites
!!!!!!!!!!!!!!!!!!!!!!!!!!!!!!!!!!!!!!!!!!!!!!!!!!


Mean Field Convergence Achevied after 111 iterations
==================================================
E = (2.694934943059186-1.931217719028632e-17j)
==================================================

Run 2D - Not Aligned

