Right Sweep 0, E = 1.8840238115836394
Left Sweep  0, E = 2.3316540493118216
Right Sweep 1, E = 2.335052176659919
Left Sweep  1, E = 2.3359362127093046
Right Sweep 2, E = 2.3361852737175544
Left Sweep  2, E = 2.3361908681915327
Right Sweep 3, E = 2.33619217652442
Left Sweep  3, E = 2.3361920414813513
Right Sweep 4, E = 2.3361920272194894
Left Sweep  4, E = 2.336192027219494

###########################################################################
Converged at E = 2.3361920272194894
  Final Bond Dimension = 400
  Avg time per iter for final M = 0.0014011780420939127 s
  Total Time = 0.13216209411621094 s
###########################################################################



Exact Diagonalization Results Obtained
==================================================
E = (2.336192026855134-2.5381782310566903e-15j)
==================================================


Mean Field Convergence Achevied after 61 iterations
==================================================
E = (2.1569830288460947+3.061475537021612e-17j)
==================================================

Run 2D - Not Aligned

Right Sweep 0, E = 47.59389654701485
Left Sweep  0, E = 23.305052690937224
Right Sweep 1, E = 23.304825217490418
Left Sweep  1, E = 23.243610313978273
Right Sweep 2, E = 23.234978754955062
Left Sweep  2, E = 23.25067378125589

!!!!!!!!!!!!!!!!!!!!!!!!!!!!!!!!!!!!!!!!!!!!!!!!!!!!!!!!!!!!!!!!!!!!!!!!!!!
Not Converged at E = 23.253988671391777
  Final Bond Dimension = 400
  Avg time per iter for final M = 1.9756782508458353 s
  Total Time = 1213.3624112606049 s
!!!!!!!!!!!!!!!!!!!!!!!!!!!!!!!!!!!!!!!!!!!!!!!!!!!!!!!!!!!!!!!!!!!!!!!!!!!

