Right Sweep 0, E = 1.8840238115836383
Left Sweep  0, E = 2.0407272954292917
Right Sweep 1, E = 2.0391477697947415
Left Sweep  1, E = 2.040218112628832
Right Sweep 2, E = 2.0401736695301276
Left Sweep  2, E = 2.0401688855263282
Right Sweep 3, E = 2.0401681935639244
Left Sweep  3, E = 2.040167914952768
Right Sweep 4, E = 2.040167857776124
Left Sweep  4, E = 2.0401678632692164
Right Sweep 5, E = 2.040167863269215
Left Sweep  5, E = 2.0401678632692155

###########################################################################
Converged at E = 2.0401678632692124
  Final Bond Dimension = 200
  Avg time per iter for final M = 0.0014360575448899042 s
  Total Time = 0.12599945068359375 s
###########################################################################



Exact Diagonalization Results Obtained
==================================================
E = (2.040167863891856-1.912279887556263e-15j)
==================================================


Mean Field Convergence Achevied after 152 iterations
==================================================
E = (1.8975904699592405+3.2323759141755316e-17j)
==================================================

Run 2D - Not Aligned

Right Sweep 0, E = 32.428559396235286
Left Sweep  0, E = 16.311696574679825
Right Sweep 1, E = 16.21807119076883
Left Sweep  1, E = 16.249883511506326
Right Sweep 2, E = 16.249088519896496
Left Sweep  2, E = 16.2595542244504

!!!!!!!!!!!!!!!!!!!!!!!!!!!!!!!!!!!!!!!!!!!!!!!!!!!!!!!!!!!!!!!!!!!!!!!!!!!
Not Converged at E = 16.26124223740128
  Final Bond Dimension = 200
  Avg time per iter for final M = 0.14299731027512325 s
  Total Time = 56.568774461746216 s
!!!!!!!!!!!!!!!!!!!!!!!!!!!!!!!!!!!!!!!!!!!!!!!!!!!!!!!!!!!!!!!!!!!!!!!!!!!

