
Intel MKL ERROR: Parameter 4 was incorrect on entry to DLASCL.

Intel MKL ERROR: Parameter 4 was incorrect on entry to DLASCL.
Right Sweep 0, E = 2.427104446398885
Left Sweep  0, E = 2.6314708157214377
Right Sweep 1, E = 2.636857695426701
Left Sweep  1, E = 2.638279776017691
Right Sweep 2, E = 2.6388029113205573
Left Sweep  2, E = 2.6388588440508807
Right Sweep 3, E = 2.6388655963785665
Left Sweep  3, E = 2.6388664904134713
Right Sweep 4, E = 2.6388666100045515
Left Sweep  4, E = 2.638866613098393
Right Sweep 5, E = 2.6388666133872216
Left Sweep  5, E = 2.638866613387217

###########################################################################
Converged at E = 2.6388666133872203
  Final Bond Dimension = 300
  Avg time per iter for final M = 0.0016342383442503033 s
  Total Time = 0.22357845306396484 s
###########################################################################



Exact Diagonalization Results Obtained
==================================================
E = (2.6388666121858426+1.913180878837803e-15j)
==================================================


Mean Field Convergence Achevied after 313 iterations
==================================================
E = (2.4238302835774426-4.46209818889915e-17j)
==================================================

Run 2D - Not Aligned

