Right Sweep 0, E = 1.8840238115836405
Left Sweep  0, E = 2.331654049311822
Right Sweep 1, E = 2.3350521766599175
Left Sweep  1, E = 2.335936212709305
Right Sweep 2, E = 2.336185273717553
Left Sweep  2, E = 2.336190868191531
Right Sweep 3, E = 2.3361921765244236
Left Sweep  3, E = 2.3361920414813544
Right Sweep 4, E = 2.3361920272194916
Left Sweep  4, E = 2.3361920272194934

###########################################################################
Converged at E = 2.3361920272194903
  Final Bond Dimension = 600
  Avg time per iter for final M = 0.0014128817452324762 s
  Total Time = 0.13316130638122559 s
###########################################################################



Exact Diagonalization Results Obtained
==================================================
E = (2.336192026855134-2.5381782310566903e-15j)
==================================================


Mean Field Convergence Achevied after 61 iterations
==================================================
E = (2.1569830288460947+3.061475537021612e-17j)
==================================================

Run 2D - Not Aligned

Right Sweep 0, E = 47.59389654701487
Left Sweep  0, E = 22.90755253625426
Right Sweep 1, E = 23.32513439300429
Left Sweep  1, E = 23.256244432884067
Right Sweep 2, E = 23.256488857257388
Left Sweep  2, E = 23.274425393226625

!!!!!!!!!!!!!!!!!!!!!!!!!!!!!!!!!!!!!!!!!!!!!!!!!!!!!!!!!!!!!!!!!!!!!!!!!!!
Not Converged at E = 23.27685198766367
  Final Bond Dimension = 600
  Avg time per iter for final M = 4.445996518086905 s
  Total Time = 2748.1906819343567 s
!!!!!!!!!!!!!!!!!!!!!!!!!!!!!!!!!!!!!!!!!!!!!!!!!!!!!!!!!!!!!!!!!!!!!!!!!!!

