
Intel MKL ERROR: Parameter 4 was incorrect on entry to DLASCL.

Intel MKL ERROR: Parameter 4 was incorrect on entry to DLASCL.
Right Sweep 0, E = 2.4271044463988836
Left Sweep  0, E = 2.6314708157214373
Right Sweep 1, E = 2.6368576954266962
Left Sweep  1, E = 2.6382797760176917
Right Sweep 2, E = 2.6388029113205596
Left Sweep  2, E = 2.6388588440508824
Right Sweep 3, E = 2.638865596378568
Left Sweep  3, E = 2.638866490413478
Right Sweep 4, E = 2.638866610004553
Left Sweep  4, E = 2.638866613098393
Right Sweep 5, E = 2.6388666133872274
Left Sweep  5, E = 2.6388666133872167

###########################################################################
Converged at E = 2.638866613387214
  Final Bond Dimension = 600
  Avg time per iter for final M = 0.0016505158308780556 s
  Total Time = 0.22543859481811523 s
###########################################################################



Exact Diagonalization Results Obtained
==================================================
E = (2.6388666121858426+1.913180878837803e-15j)
==================================================


Mean Field Convergence Achevied after 313 iterations
==================================================
E = (2.4238302835774426-4.46209818889915e-17j)
==================================================

Run 2D - Not Aligned

