
Intel MKL ERROR: Parameter 4 was incorrect on entry to DLASCL.

Intel MKL ERROR: Parameter 4 was incorrect on entry to DLASCL.
Right Sweep 0, E = 2.427104446398885
Left Sweep  0, E = 2.631470815721444
Right Sweep 1, E = 2.636857695426699
Left Sweep  1, E = 2.638279776017695
Right Sweep 2, E = 2.6388029113205556
Left Sweep  2, E = 2.6388588440508856
Right Sweep 3, E = 2.638865596378565
Left Sweep  3, E = 2.638866490413467
Right Sweep 4, E = 2.638866610004555
Left Sweep  4, E = 2.6388666130983953
Right Sweep 5, E = 2.6388666133872274
Left Sweep  5, E = 2.6388666133872176

###########################################################################
Converged at E = 2.638866613387216
  Final Bond Dimension = 400
  Avg time per iter for final M = 0.0016659751082911637 s
  Total Time = 0.2278304100036621 s
###########################################################################



Exact Diagonalization Results Obtained
==================================================
E = (2.6388666121858426+1.913180878837803e-15j)
==================================================


Mean Field Convergence Achevied after 313 iterations
==================================================
E = (2.4238302835774426-4.46209818889915e-17j)
==================================================

Run 2D - Not Aligned

