
Intel MKL ERROR: Parameter 4 was incorrect on entry to DLASCL.

Intel MKL ERROR: Parameter 4 was incorrect on entry to DLASCL.
Right Sweep 0, E = 2.9701850812141246
Left Sweep  0, E = 2.9366173619066616
Right Sweep 1, E = 2.9444676089497426
Left Sweep  1, E = 2.9446705744009027
Right Sweep 2, E = 2.945292185632839
Left Sweep  2, E = 2.9453563989078866
Right Sweep 3, E = 2.9453545180567815
Left Sweep  3, E = 2.945355329644458
Right Sweep 4, E = 2.9453563928906714
Left Sweep  4, E = 2.945356223743392
Right Sweep 5, E = 2.9453562109497904
Left Sweep  5, E = 2.9453562222781473
Right Sweep 6, E = 2.9453562239737865
Left Sweep  6, E = 2.945356223973785

###########################################################################
Converged at E = 2.945356223973791
  Final Bond Dimension = 200
  Avg time per iter for final M = 0.002688559857043591 s
  Total Time = 0.5043740272521973 s
###########################################################################

!!!!!!!!!!!!!!!!!!!!!!!!!!!!!!!!!!!!!!!!!!!!!!!!!!
Exact Diagonalization limited to systems of 12 or fewer sites
!!!!!!!!!!!!!!!!!!!!!!!!!!!!!!!!!!!!!!!!!!!!!!!!!!


Mean Field Convergence Achevied after 111 iterations
==================================================
E = (2.694934943059186-1.931217719028632e-17j)
==================================================

Run 2D - Not Aligned

