Right Sweep 0, E = 2.4271044463988836
Left Sweep  0, E = 2.631470815721439
Right Sweep 1, E = 2.636857695426697
Left Sweep  1, E = 2.6382797760176966
Right Sweep 2, E = 2.6388029113205578
Left Sweep  2, E = 2.638858844050881
Right Sweep 3, E = 2.638865596378572
Left Sweep  3, E = 2.638866490413469
Right Sweep 4, E = 2.638866610004551
Left Sweep  4, E = 2.638866613098391
Right Sweep 5, E = 2.6388666133872265
Left Sweep  5, E = 2.638866613387218

###########################################################################
Converged at E = 2.6388666133872176
  Final Bond Dimension = 200
  Avg time per iter for final M = 0.0016371878710660067 s
  Total Time = 0.22395825386047363 s
###########################################################################



Exact Diagonalization Results Obtained
==================================================
E = (2.6388666121858426+1.913180878837803e-15j)
==================================================


Mean Field Convergence Achevied after 313 iterations
==================================================
E = (2.4238302835774426-4.46209818889915e-17j)
==================================================

Run 2D - Not Aligned

Right Sweep 0, E = 64.93155623705437
Left Sweep  0, E = 31.12969714563168
Right Sweep 1, E = 31.424281320897833
Left Sweep  1, E = 31.500403226798433
Right Sweep 2, E = 31.491251709847017
Left Sweep  2, E = 31.463580585238184

!!!!!!!!!!!!!!!!!!!!!!!!!!!!!!!!!!!!!!!!!!!!!!!!!!!!!!!!!!!!!!!!!!!!!!!!!!!
Not Converged at E = 31.44384773079659
  Final Bond Dimension = 200
  Avg time per iter for final M = 0.22800756528938845 s
  Total Time = 204.13605570793152 s
!!!!!!!!!!!!!!!!!!!!!!!!!!!!!!!!!!!!!!!!!!!!!!!!!!!!!!!!!!!!!!!!!!!!!!!!!!!

