Right Sweep 0, E = 1.8840238115836383
Left Sweep  0, E = 2.040727295429293
Right Sweep 1, E = 2.039147769794744
Left Sweep  1, E = 2.040218112628827
Right Sweep 2, E = 2.0401736695301267
Left Sweep  2, E = 2.0401688855263296
Right Sweep 3, E = 2.0401681935639235
Left Sweep  3, E = 2.0401679149527663
Right Sweep 4, E = 2.0401678577761237
Left Sweep  4, E = 2.0401678632692164
Right Sweep 5, E = 2.040167863269217
Left Sweep  5, E = 2.040167863269215

###########################################################################
Converged at E = 2.040167863269216
  Final Bond Dimension = 300
  Avg time per iter for final M = 0.001209213620140439 s
  Total Time = 0.10679411888122559 s
###########################################################################



Exact Diagonalization Results Obtained
==================================================
E = (2.040167863891856-1.912279887556263e-15j)
==================================================


Mean Field Convergence Achevied after 152 iterations
==================================================
E = (1.8975904699592405+3.2323759141755316e-17j)
==================================================

Run 2D - Not Aligned

Right Sweep 0, E = 32.42855939623536
Left Sweep  0, E = 16.221798081447552
Right Sweep 1, E = 16.237923979310853
Left Sweep  1, E = 16.263297317408004
Right Sweep 2, E = 16.269913851179616
Left Sweep  2, E = 16.27647655952557

!!!!!!!!!!!!!!!!!!!!!!!!!!!!!!!!!!!!!!!!!!!!!!!!!!!!!!!!!!!!!!!!!!!!!!!!!!!
Not Converged at E = 16.276783188253848
  Final Bond Dimension = 300
  Avg time per iter for final M = 0.6204898792599874 s
  Total Time = 243.58650088310242 s
!!!!!!!!!!!!!!!!!!!!!!!!!!!!!!!!!!!!!!!!!!!!!!!!!!!!!!!!!!!!!!!!!!!!!!!!!!!

