Right Sweep 0, E = 1.8840238115836383
Left Sweep  0, E = 2.04072729542929
Right Sweep 1, E = 2.039147769794744
Left Sweep  1, E = 2.0402181126288257
Right Sweep 2, E = 2.040173669530129
Left Sweep  2, E = 2.04016888552633
Right Sweep 3, E = 2.0401681935639244
Left Sweep  3, E = 2.0401679149527676
Right Sweep 4, E = 2.0401678577761246
Left Sweep  4, E = 2.0401678632692164
Right Sweep 5, E = 2.040167863269216
Left Sweep  5, E = 2.0401678632692164

###########################################################################
Converged at E = 2.040167863269218
  Final Bond Dimension = 700
  Avg time per iter for final M = 0.0012138571058000838 s
  Total Time = 0.10733366012573242 s
###########################################################################



Exact Diagonalization Results Obtained
==================================================
E = (2.040167863891856-1.912279887556263e-15j)
==================================================


Mean Field Convergence Achevied after 152 iterations
==================================================
E = (1.8975904699592405+3.2323759141755316e-17j)
==================================================

Run 2D - Not Aligned

Right Sweep 0, E = 32.428559396235265
Left Sweep  0, E = 16.204277128282026
Right Sweep 1, E = 16.243724517186077
Left Sweep  1, E = 16.285946075776618
Right Sweep 2, E = 16.299790176976366
Left Sweep  2, E = 16.30432290494485

!!!!!!!!!!!!!!!!!!!!!!!!!!!!!!!!!!!!!!!!!!!!!!!!!!!!!!!!!!!!!!!!!!!!!!!!!!!
Not Converged at E = 16.304931350943797
  Final Bond Dimension = 700
  Avg time per iter for final M = 5.037067120668119 s
  Total Time = 1979.1779894828796 s
!!!!!!!!!!!!!!!!!!!!!!!!!!!!!!!!!!!!!!!!!!!!!!!!!!!!!!!!!!!!!!!!!!!!!!!!!!!

