Right Sweep 0, E = 1.8840238115836396
Left Sweep  0, E = 2.3316540493118247
Right Sweep 1, E = 2.335052176659917
Left Sweep  1, E = 2.335936212709306
Right Sweep 2, E = 2.336185273717555
Left Sweep  2, E = 2.3361908681915313
Right Sweep 3, E = 2.3361921765244213
Left Sweep  3, E = 2.336192041481355
Right Sweep 4, E = 2.3361920272194907
Left Sweep  4, E = 2.336192027219495

###########################################################################
Converged at E = 2.3361920272194903
  Final Bond Dimension = 800
  Avg time per iter for final M = 0.0014020760854085287 s
  Total Time = 0.13205313682556152 s
###########################################################################



Exact Diagonalization Results Obtained
==================================================
E = (2.336192026855134-2.5381782310566903e-15j)
==================================================


Mean Field Convergence Achevied after 61 iterations
==================================================
E = (2.1569830288460947+3.061475537021612e-17j)
==================================================

Run 2D - Not Aligned

Right Sweep 0, E = 47.59389654701467
Left Sweep  0, E = 23.4500908086768
Right Sweep 1, E = 23.27411345352216
Left Sweep  1, E = 23.251737112219633
Right Sweep 2, E = 23.273369937751756
Left Sweep  2, E = 23.29453826742183

!!!!!!!!!!!!!!!!!!!!!!!!!!!!!!!!!!!!!!!!!!!!!!!!!!!!!!!!!!!!!!!!!!!!!!!!!!!
Not Converged at E = 23.296638563698824
  Final Bond Dimension = 800
  Avg time per iter for final M = 9.301492027160696 s
  Total Time = 5764.188889741898 s
!!!!!!!!!!!!!!!!!!!!!!!!!!!!!!!!!!!!!!!!!!!!!!!!!!!!!!!!!!!!!!!!!!!!!!!!!!!

