
Intel MKL ERROR: Parameter 4 was incorrect on entry to DLASCL.

Intel MKL ERROR: Parameter 4 was incorrect on entry to DLASCL.
Right Sweep 0, E = 2.4271044463988836
Left Sweep  0, E = 2.631470815721438
Right Sweep 1, E = 2.636857695426698
Left Sweep  1, E = 2.638279776017694
Right Sweep 2, E = 2.6388029113205604
Left Sweep  2, E = 2.638858844050882
Right Sweep 3, E = 2.6388655963785723
Left Sweep  3, E = 2.6388664904134713
Right Sweep 4, E = 2.6388666100045532
Left Sweep  4, E = 2.6388666130983927
Right Sweep 5, E = 2.638866613387223
Left Sweep  5, E = 2.638866613387219

###########################################################################
Converged at E = 2.6388666133872194
  Final Bond Dimension = 900
  Avg time per iter for final M = 0.0016722769448251436 s
  Total Time = 0.24400544166564941 s
###########################################################################



Exact Diagonalization Results Obtained
==================================================
E = (2.6388666121858426+1.913180878837803e-15j)
==================================================


Mean Field Convergence Achevied after 313 iterations
==================================================
E = (2.4238302835774426-4.46209818889915e-17j)
==================================================

Run 2D - Not Aligned

