Right Sweep 0, E = 1.8840238115836399
Left Sweep  0, E = 2.331654049311825
Right Sweep 1, E = 2.335052176659915
Left Sweep  1, E = 2.3359362127093024
Right Sweep 2, E = 2.3361852737175584
Left Sweep  2, E = 2.3361908681915393
Right Sweep 3, E = 2.336192176524422
Left Sweep  3, E = 2.3361920414813504
Right Sweep 4, E = 2.336192027219491
Left Sweep  4, E = 2.336192027219496

###########################################################################
Converged at E = 2.336192027219491
  Final Bond Dimension = 300
  Avg time per iter for final M = 0.0013960705863104927 s
  Total Time = 0.13165497779846191 s
###########################################################################



Exact Diagonalization Results Obtained
==================================================
E = (2.336192026855134-2.5381782310566903e-15j)
==================================================


Mean Field Convergence Achevied after 61 iterations
==================================================
E = (2.1569830288460947+3.061475537021612e-17j)
==================================================

Run 2D - Not Aligned

Right Sweep 0, E = 47.59389654701472
Left Sweep  0, E = 23.108336583538822
Right Sweep 1, E = 23.24603075408219
Left Sweep  1, E = 23.24080432261925
Right Sweep 2, E = 23.22260309609296
Left Sweep  2, E = 23.235504439523424

!!!!!!!!!!!!!!!!!!!!!!!!!!!!!!!!!!!!!!!!!!!!!!!!!!!!!!!!!!!!!!!!!!!!!!!!!!!
Not Converged at E = 23.23756122049746
  Final Bond Dimension = 300
  Avg time per iter for final M = 0.7183432450599542 s
  Total Time = 444.9090356826782 s
!!!!!!!!!!!!!!!!!!!!!!!!!!!!!!!!!!!!!!!!!!!!!!!!!!!!!!!!!!!!!!!!!!!!!!!!!!!

