Right Sweep 0, E = 1.3409431767683948
Left Sweep  0, E = 1.741964626525306
Right Sweep 1, E = 1.7564181412153137
Left Sweep  1, E = 1.757268320058373
Right Sweep 2, E = 1.7572715808402732
Left Sweep  2, E = 1.757273098091022
Right Sweep 3, E = 1.7572727697696817
Left Sweep  3, E = 1.7572727921342828
Right Sweep 4, E = 1.757272790819272
Left Sweep  4, E = 1.7572727908192731

###########################################################################
Converged at E = 1.7572727908192725
  Final Bond Dimension = 900
  Avg time per iter for final M = 0.0012911033630371093 s
  Total Time = 0.06879258155822754 s
###########################################################################



Exact Diagonalization Results Obtained
==================================================
E = (1.757272799005158+1.82754605605961e-16j)
==================================================


Mean Field Convergence Achevied after 27 iterations
==================================================
E = (1.653023170497412+1.6257860801884784e-17j)
==================================================

Run 2D - Not Aligned

Right Sweep 0, E = 19.435544784716164
Left Sweep  0, E = 10.409916603215974
Right Sweep 1, E = 10.519432682761956
Left Sweep  1, E = 10.539789390467073
Right Sweep 2, E = 10.542826280391417
Left Sweep  2, E = 10.543127835434586

!!!!!!!!!!!!!!!!!!!!!!!!!!!!!!!!!!!!!!!!!!!!!!!!!!!!!!!!!!!!!!!!!!!!!!!!!!!
Not Converged at E = 10.543211268518677
  Final Bond Dimension = 900
  Avg time per iter for final M = 5.024490456354051 s
  Total Time = 1102.3020873069763 s
!!!!!!!!!!!!!!!!!!!!!!!!!!!!!!!!!!!!!!!!!!!!!!!!!!!!!!!!!!!!!!!!!!!!!!!!!!!

