Right Sweep 0, E = 1.3409431767683948
Left Sweep  0, E = 1.7419646265253035
Right Sweep 1, E = 1.7564181412153144
Left Sweep  1, E = 1.7572683200583743
Right Sweep 2, E = 1.757271580840275
Left Sweep  2, E = 1.7572730980910198
Right Sweep 3, E = 1.75727276976968
Left Sweep  3, E = 1.757272792134284
Right Sweep 4, E = 1.757272790819274
Left Sweep  4, E = 1.7572727908192711

###########################################################################
Converged at E = 1.7572727908192707
  Final Bond Dimension = 300
  Avg time per iter for final M = 0.0013017845153808594 s
  Total Time = 0.06934428215026855 s
###########################################################################



Exact Diagonalization Results Obtained
==================================================
E = (1.757272799005158+1.82754605605961e-16j)
==================================================


Mean Field Convergence Achevied after 27 iterations
==================================================
E = (1.653023170497412+1.6257860801884784e-17j)
==================================================

Run 2D - Not Aligned

Right Sweep 0, E = 19.435544784716132
Left Sweep  0, E = 10.371518854249391
Right Sweep 1, E = 10.486425053256012
Left Sweep  1, E = 10.531680165678617
Right Sweep 2, E = 10.539424883146404
Left Sweep  2, E = 10.540351955637611

!!!!!!!!!!!!!!!!!!!!!!!!!!!!!!!!!!!!!!!!!!!!!!!!!!!!!!!!!!!!!!!!!!!!!!!!!!!
Not Converged at E = 10.540576112565622
  Final Bond Dimension = 300
  Avg time per iter for final M = 0.24006452560424804 s
  Total Time = 53.55786848068237 s
!!!!!!!!!!!!!!!!!!!!!!!!!!!!!!!!!!!!!!!!!!!!!!!!!!!!!!!!!!!!!!!!!!!!!!!!!!!

