Right Sweep 0, E = 1.8840238115836383
Left Sweep  0, E = 2.040727295429289
Right Sweep 1, E = 2.0391477697947415
Left Sweep  1, E = 2.0402181126288315
Right Sweep 2, E = 2.0401736695301267
Left Sweep  2, E = 2.0401688855263305
Right Sweep 3, E = 2.0401681935639253
Left Sweep  3, E = 2.0401679149527685
Right Sweep 4, E = 2.0401678577761224
Left Sweep  4, E = 2.0401678632692177
Right Sweep 5, E = 2.040167863269216
Left Sweep  5, E = 2.0401678632692164

###########################################################################
Converged at E = 2.0401678632692155
  Final Bond Dimension = 900
  Avg time per iter for final M = 0.0012193407331194197 s
  Total Time = 0.10770535469055176 s
###########################################################################



Exact Diagonalization Results Obtained
==================================================
E = (2.040167863891856-1.912279887556263e-15j)
==================================================


Mean Field Convergence Achevied after 152 iterations
==================================================
E = (1.8975904699592405+3.2323759141755316e-17j)
==================================================

Run 2D - Not Aligned

Right Sweep 0, E = 32.4285593962352
Left Sweep  0, E = 16.29011156062529
Right Sweep 1, E = 16.2493094194565
Left Sweep  1, E = 16.290830110437078
Right Sweep 2, E = 16.304735272170664
Left Sweep  2, E = 16.30753562684215

!!!!!!!!!!!!!!!!!!!!!!!!!!!!!!!!!!!!!!!!!!!!!!!!!!!!!!!!!!!!!!!!!!!!!!!!!!!
Not Converged at E = 16.308034813496118
  Final Bond Dimension = 900
  Avg time per iter for final M = 8.945436857364795 s
  Total Time = 3524.6369156837463 s
!!!!!!!!!!!!!!!!!!!!!!!!!!!!!!!!!!!!!!!!!!!!!!!!!!!!!!!!!!!!!!!!!!!!!!!!!!!

