
Intel MKL ERROR: Parameter 4 was incorrect on entry to DLASCL.

Intel MKL ERROR: Parameter 4 was incorrect on entry to DLASCL.
Right Sweep 0, E = 2.4271044463988836
Left Sweep  0, E = 2.6314708157214444
Right Sweep 1, E = 2.636857695426695
Left Sweep  1, E = 2.6382797760176966
Right Sweep 2, E = 2.6388029113205542
Left Sweep  2, E = 2.6388588440508802
Right Sweep 3, E = 2.6388655963785674
Left Sweep  3, E = 2.638866490413469
Right Sweep 4, E = 2.638866610004553
Left Sweep  4, E = 2.6388666130983935
Right Sweep 5, E = 2.638866613387225
Left Sweep  5, E = 2.63886661338722

###########################################################################
Converged at E = 2.638866613387222
  Final Bond Dimension = 500
  Avg time per iter for final M = 0.0016357844526117499 s
  Total Time = 0.22365975379943848 s
###########################################################################



Exact Diagonalization Results Obtained
==================================================
E = (2.6388666121858426+1.913180878837803e-15j)
==================================================


Mean Field Convergence Achevied after 313 iterations
==================================================
E = (2.4238302835774426-4.46209818889915e-17j)
==================================================

Run 2D - Not Aligned

