Right Sweep 0, E = 1.3409431767683948
Left Sweep  0, E = 1.7419646265253035
Right Sweep 1, E = 1.756418141215313
Left Sweep  1, E = 1.7572683200583747
Right Sweep 2, E = 1.7572715808402724
Left Sweep  2, E = 1.7572730980910212
Right Sweep 3, E = 1.7572727697696817
Left Sweep  3, E = 1.7572727921342846
Right Sweep 4, E = 1.7572727908192713
Left Sweep  4, E = 1.7572727908192722

###########################################################################
Converged at E = 1.7572727908192716
  Final Bond Dimension = 100
  Avg time per iter for final M = 0.0013294124603271484 s
  Total Time = 0.0706319808959961 s
###########################################################################



Exact Diagonalization Results Obtained
==================================================
E = (1.757272799005158+1.82754605605961e-16j)
==================================================


Mean Field Convergence Achevied after 27 iterations
==================================================
E = (1.653023170497412+1.6257860801884784e-17j)
==================================================

Run 2D - Not Aligned

Right Sweep 0, E = 19.435544784716168
Left Sweep  0, E = 10.42185245356983
Right Sweep 1, E = 10.438285135264742
Left Sweep  1, E = 10.503286168940072
Right Sweep 2, E = 10.516175272884297
Left Sweep  2, E = 10.519323472088615

!!!!!!!!!!!!!!!!!!!!!!!!!!!!!!!!!!!!!!!!!!!!!!!!!!!!!!!!!!!!!!!!!!!!!!!!!!!
Not Converged at E = 10.519546395734318
  Final Bond Dimension = 100
  Avg time per iter for final M = 0.020125345956711543 s
  Total Time = 4.409399509429932 s
!!!!!!!!!!!!!!!!!!!!!!!!!!!!!!!!!!!!!!!!!!!!!!!!!!!!!!!!!!!!!!!!!!!!!!!!!!!

