
Intel MKL ERROR: Parameter 4 was incorrect on entry to DLASCL.

Intel MKL ERROR: Parameter 4 was incorrect on entry to DLASCL.
Right Sweep 0, E = 2.970185081214124
Left Sweep  0, E = 2.9366173619066704
Right Sweep 1, E = 2.9444676089497404
Left Sweep  1, E = 2.9446705744009045
Right Sweep 2, E = 2.94529218563284
Left Sweep  2, E = 2.945356398907894
Right Sweep 3, E = 2.945354518056782
Left Sweep  3, E = 2.9453553296444634
Right Sweep 4, E = 2.945356392890666
Left Sweep  4, E = 2.945356223743396
Right Sweep 5, E = 2.9453562109497864
Left Sweep  5, E = 2.9453562222781544
Right Sweep 6, E = 2.9453562239737887
Left Sweep  6, E = 2.9453562239737856

###########################################################################
Converged at E = 2.945356223973788
  Final Bond Dimension = 300
  Avg time per iter for final M = 0.002720160798712091 s
  Total Time = 0.5105047225952148 s
###########################################################################

!!!!!!!!!!!!!!!!!!!!!!!!!!!!!!!!!!!!!!!!!!!!!!!!!!
Exact Diagonalization limited to systems of 12 or fewer sites
!!!!!!!!!!!!!!!!!!!!!!!!!!!!!!!!!!!!!!!!!!!!!!!!!!


Mean Field Convergence Achevied after 111 iterations
==================================================
E = (2.694934943059186-1.931217719028632e-17j)
==================================================

Run 2D - Not Aligned

