Right Sweep 0, E = 1.8840238115836383
Left Sweep  0, E = 2.0407272954292908
Right Sweep 1, E = 2.0391477697947438
Left Sweep  1, E = 2.040218112628831
Right Sweep 2, E = 2.0401736695301294
Left Sweep  2, E = 2.040168885526327
Right Sweep 3, E = 2.040168193563926
Left Sweep  3, E = 2.0401679149527703
Right Sweep 4, E = 2.040167857776126
Left Sweep  4, E = 2.0401678632692137
Right Sweep 5, E = 2.040167863269217
Left Sweep  5, E = 2.0401678632692177

###########################################################################
Converged at E = 2.040167863269214
  Final Bond Dimension = 500
  Avg time per iter for final M = 0.0012489188285101029 s
  Total Time = 0.11023426055908203 s
###########################################################################



Exact Diagonalization Results Obtained
==================================================
E = (2.040167863891856-1.912279887556263e-15j)
==================================================


Mean Field Convergence Achevied after 152 iterations
==================================================
E = (1.8975904699592405+3.2323759141755316e-17j)
==================================================

Run 2D - Not Aligned

Right Sweep 0, E = 32.42855939623533
Left Sweep  0, E = 16.209865886638415
Right Sweep 1, E = 16.22827419691335
Left Sweep  1, E = 16.269850385392594
Right Sweep 2, E = 16.286502170338622
Left Sweep  2, E = 16.293832590539342

!!!!!!!!!!!!!!!!!!!!!!!!!!!!!!!!!!!!!!!!!!!!!!!!!!!!!!!!!!!!!!!!!!!!!!!!!!!
Not Converged at E = 16.295269393900426
  Final Bond Dimension = 500
  Avg time per iter for final M = 2.1063530129730386 s
  Total Time = 828.7679936885834 s
!!!!!!!!!!!!!!!!!!!!!!!!!!!!!!!!!!!!!!!!!!!!!!!!!!!!!!!!!!!!!!!!!!!!!!!!!!!

