Right Sweep 0, E = 1.8840238115836405
Left Sweep  0, E = 2.3316540493118216
Right Sweep 1, E = 2.335052176659918
Left Sweep  1, E = 2.335936212709302
Right Sweep 2, E = 2.336185273717553
Left Sweep  2, E = 2.336190868191534
Right Sweep 3, E = 2.3361921765244267
Left Sweep  3, E = 2.3361920414813526
Right Sweep 4, E = 2.3361920272194907
Left Sweep  4, E = 2.336192027219492

###########################################################################
Converged at E = 2.3361920272194876
  Final Bond Dimension = 900
  Avg time per iter for final M = 0.0014012840059068469 s
  Total Time = 0.1318202018737793 s
###########################################################################



Exact Diagonalization Results Obtained
==================================================
E = (2.336192026855134-2.5381782310566903e-15j)
==================================================


Mean Field Convergence Achevied after 61 iterations
==================================================
E = (2.1569830288460947+3.061475537021612e-17j)
==================================================

Run 2D - Not Aligned

Right Sweep 0, E = 47.59389654701471
Left Sweep  0, E = 23.440826883546805
Right Sweep 1, E = 23.285340099018146
Left Sweep  1, E = 23.279614666221114
Right Sweep 2, E = 23.28676574546963
Left Sweep  2, E = 23.300618072767687

!!!!!!!!!!!!!!!!!!!!!!!!!!!!!!!!!!!!!!!!!!!!!!!!!!!!!!!!!!!!!!!!!!!!!!!!!!!
Not Converged at E = 23.30078419010683
  Final Bond Dimension = 900
  Avg time per iter for final M = 12.838937227573458 s
  Total Time = 7921.919396877289 s
!!!!!!!!!!!!!!!!!!!!!!!!!!!!!!!!!!!!!!!!!!!!!!!!!!!!!!!!!!!!!!!!!!!!!!!!!!!

