Right Sweep 0, E = 1.8840238115836394
Left Sweep  0, E = 2.3316540493118216
Right Sweep 1, E = 2.335052176659919
Left Sweep  1, E = 2.3359362127093046
Right Sweep 2, E = 2.3361852737175544
Left Sweep  2, E = 2.3361908681915327
Right Sweep 3, E = 2.33619217652442
Left Sweep  3, E = 2.3361920414813513
Right Sweep 4, E = 2.3361920272194894
Left Sweep  4, E = 2.336192027219494

###########################################################################
Converged at E = 2.3361920272194894
  Final Bond Dimension = 100
  Avg time per iter for final M = 0.001626412073771159 s
  Total Time = 0.15208935737609863 s
###########################################################################



Exact Diagonalization Results Obtained
==================================================
E = (2.336192026855134-2.5381782310566903e-15j)
==================================================


Mean Field Convergence Achevied after 61 iterations
==================================================
E = (2.1569830288460947+3.061475537021612e-17j)
==================================================

Run 2D - Not Aligned

Right Sweep 0, E = 47.59389654701501
Left Sweep  0, E = 23.371998198819455
Right Sweep 1, E = 23.230224830208208
Left Sweep  1, E = 23.141607918340775
Right Sweep 2, E = 23.19199748285826
Left Sweep  2, E = 23.209027474548865

!!!!!!!!!!!!!!!!!!!!!!!!!!!!!!!!!!!!!!!!!!!!!!!!!!!!!!!!!!!!!!!!!!!!!!!!!!!
Not Converged at E = 23.202788845580045
  Final Bond Dimension = 100
  Avg time per iter for final M = 0.042904473715759686 s
  Total Time = 26.384557247161865 s
!!!!!!!!!!!!!!!!!!!!!!!!!!!!!!!!!!!!!!!!!!!!!!!!!!!!!!!!!!!!!!!!!!!!!!!!!!!

