Right Sweep 0, E = 1.8840238115836394
Left Sweep  0, E = 2.3316540493118203
Right Sweep 1, E = 2.3350521766599206
Left Sweep  1, E = 2.3359362127093055
Right Sweep 2, E = 2.3361852737175566
Left Sweep  2, E = 2.3361908681915358
Right Sweep 3, E = 2.3361921765244227
Left Sweep  3, E = 2.336192041481355
Right Sweep 4, E = 2.3361920272194916
Left Sweep  4, E = 2.3361920272194916

###########################################################################
Converged at E = 2.3361920272194907
  Final Bond Dimension = 500
  Avg time per iter for final M = 0.0014176527659098307 s
  Total Time = 0.13365912437438965 s
###########################################################################



Exact Diagonalization Results Obtained
==================================================
E = (2.336192026855134-2.5381782310566903e-15j)
==================================================


Mean Field Convergence Achevied after 61 iterations
==================================================
E = (2.1569830288460947+3.061475537021612e-17j)
==================================================

Run 2D - Not Aligned

Right Sweep 0, E = 47.59389654701479
Left Sweep  0, E = 23.525815930462585
Right Sweep 1, E = 23.30085326438257
Left Sweep  1, E = 23.248000665170686
Right Sweep 2, E = 23.247481456886554
Left Sweep  2, E = 23.264088617619382

!!!!!!!!!!!!!!!!!!!!!!!!!!!!!!!!!!!!!!!!!!!!!!!!!!!!!!!!!!!!!!!!!!!!!!!!!!!
Not Converged at E = 23.270360672998596
  Final Bond Dimension = 500
  Avg time per iter for final M = 3.2154146822213323 s
  Total Time = 1977.1324372291565 s
!!!!!!!!!!!!!!!!!!!!!!!!!!!!!!!!!!!!!!!!!!!!!!!!!!!!!!!!!!!!!!!!!!!!!!!!!!!

