Right Sweep 0, E = 1.3409431767683948
Left Sweep  0, E = 1.7419646265253046
Right Sweep 1, E = 1.7564181412153117
Left Sweep  1, E = 1.757268320058377
Right Sweep 2, E = 1.7572715808402746
Left Sweep  2, E = 1.7572730980910212
Right Sweep 3, E = 1.757272769769683
Left Sweep  3, E = 1.7572727921342874
Right Sweep 4, E = 1.7572727908192762
Left Sweep  4, E = 1.7572727908192731

###########################################################################
Converged at E = 1.7572727908192725
  Final Bond Dimension = 800
  Avg time per iter for final M = 0.0012811088562011718 s
  Total Time = 0.06833028793334961 s
###########################################################################



Exact Diagonalization Results Obtained
==================================================
E = (1.757272799005158+1.82754605605961e-16j)
==================================================


Mean Field Convergence Achevied after 27 iterations
==================================================
E = (1.653023170497412+1.6257860801884784e-17j)
==================================================

Run 2D - Not Aligned

Right Sweep 0, E = 19.43554478471618
Left Sweep  0, E = 10.408074813837379
Right Sweep 1, E = 10.523851289353095
Left Sweep  1, E = 10.539974335732241
Right Sweep 2, E = 10.54273968927699
Left Sweep  2, E = 10.543014881766217

!!!!!!!!!!!!!!!!!!!!!!!!!!!!!!!!!!!!!!!!!!!!!!!!!!!!!!!!!!!!!!!!!!!!!!!!!!!
Not Converged at E = 10.543097745552892
  Final Bond Dimension = 800
  Avg time per iter for final M = 3.683052577291216 s
  Total Time = 808.8384463787079 s
!!!!!!!!!!!!!!!!!!!!!!!!!!!!!!!!!!!!!!!!!!!!!!!!!!!!!!!!!!!!!!!!!!!!!!!!!!!

