
Intel MKL ERROR: Parameter 4 was incorrect on entry to DLASCL.

Intel MKL ERROR: Parameter 4 was incorrect on entry to DLASCL.
Right Sweep 0, E = 2.970185081214126
Left Sweep  0, E = 2.936617361906661
Right Sweep 1, E = 2.9444676089497475
Left Sweep  1, E = 2.9446705744009045
Right Sweep 2, E = 2.945292185632844
Left Sweep  2, E = 2.9453563989079012
Right Sweep 3, E = 2.9453545180567837
Left Sweep  3, E = 2.9453553296444563
Right Sweep 4, E = 2.945356392890666
Left Sweep  4, E = 2.9453562237433895
Right Sweep 5, E = 2.9453562109497877
Left Sweep  5, E = 2.9453562222781615
Right Sweep 6, E = 2.945356223973789
Left Sweep  6, E = 2.9453562239737834

###########################################################################
Converged at E = 2.945356223973793
  Final Bond Dimension = 500
  Avg time per iter for final M = 0.002770826056763366 s
  Total Time = 0.5197887420654297 s
###########################################################################

!!!!!!!!!!!!!!!!!!!!!!!!!!!!!!!!!!!!!!!!!!!!!!!!!!
Exact Diagonalization limited to systems of 12 or fewer sites
!!!!!!!!!!!!!!!!!!!!!!!!!!!!!!!!!!!!!!!!!!!!!!!!!!


Mean Field Convergence Achevied after 111 iterations
==================================================
E = (2.694934943059186-1.931217719028632e-17j)
==================================================

Run 2D - Not Aligned

