Right Sweep 0, E = 1.8840238115836405
Left Sweep  0, E = 2.331654049311821
Right Sweep 1, E = 2.3350521766599157
Left Sweep  1, E = 2.3359362127093037
Right Sweep 2, E = 2.3361852737175557
Left Sweep  2, E = 2.336190868191535
Right Sweep 3, E = 2.33619217652442
Left Sweep  3, E = 2.3361920414813517
Right Sweep 4, E = 2.33619202721949
Left Sweep  4, E = 2.33619202721949

###########################################################################
Converged at E = 2.3361920272194916
  Final Bond Dimension = 200
  Avg time per iter for final M = 0.001389985614352756 s
  Total Time = 0.13108325004577637 s
###########################################################################



Exact Diagonalization Results Obtained
==================================================
E = (2.336192026855134-2.5381782310566903e-15j)
==================================================


Mean Field Convergence Achevied after 61 iterations
==================================================
E = (2.1569830288460947+3.061475537021612e-17j)
==================================================

Run 2D - Not Aligned

Right Sweep 0, E = 47.59389654701483
Left Sweep  0, E = 23.13817902385103
Right Sweep 1, E = 23.22595605535314
Left Sweep  1, E = 23.268819354321316
Right Sweep 2, E = 23.206971518674976
Left Sweep  2, E = 23.202513795639373

!!!!!!!!!!!!!!!!!!!!!!!!!!!!!!!!!!!!!!!!!!!!!!!!!!!!!!!!!!!!!!!!!!!!!!!!!!!
Not Converged at E = 23.20153249399638
  Final Bond Dimension = 200
  Avg time per iter for final M = 0.18301022213316123 s
  Total Time = 113.59777188301086 s
!!!!!!!!!!!!!!!!!!!!!!!!!!!!!!!!!!!!!!!!!!!!!!!!!!!!!!!!!!!!!!!!!!!!!!!!!!!

