
Intel MKL ERROR: Parameter 4 was incorrect on entry to DLASCL.

Intel MKL ERROR: Parameter 4 was incorrect on entry to DLASCL.
Right Sweep 0, E = 2.9701850812141255
Left Sweep  0, E = 2.936617361906666
Right Sweep 1, E = 2.9444676089497435
Left Sweep  1, E = 2.944670574400903
Right Sweep 2, E = 2.945292185632836
Left Sweep  2, E = 2.9453563989078915
Right Sweep 3, E = 2.9453545180567846
Left Sweep  3, E = 2.9453553296444634
Right Sweep 4, E = 2.945356392890661
Left Sweep  4, E = 2.9453562237433886
Right Sweep 5, E = 2.945356210949793
Left Sweep  5, E = 2.9453562222781566
Right Sweep 6, E = 2.9453562239737856
Left Sweep  6, E = 2.9453562239737816

###########################################################################
Converged at E = 2.945356223973794
  Final Bond Dimension = 400
  Avg time per iter for final M = 0.0027856407584724847 s
  Total Time = 0.5221002101898193 s
###########################################################################

!!!!!!!!!!!!!!!!!!!!!!!!!!!!!!!!!!!!!!!!!!!!!!!!!!
Exact Diagonalization limited to systems of 12 or fewer sites
!!!!!!!!!!!!!!!!!!!!!!!!!!!!!!!!!!!!!!!!!!!!!!!!!!


Mean Field Convergence Achevied after 111 iterations
==================================================
E = (2.694934943059186-1.931217719028632e-17j)
==================================================

Run 2D - Not Aligned

