
Intel MKL ERROR: Parameter 4 was incorrect on entry to DLASCL.

Intel MKL ERROR: Parameter 4 was incorrect on entry to DLASCL.
Right Sweep 0, E = 2.427104446398883
Left Sweep  0, E = 2.6314708157214364
Right Sweep 1, E = 2.6368576954266962
Left Sweep  1, E = 2.6382797760176913
Right Sweep 2, E = 2.638802911320559
Left Sweep  2, E = 2.6388588440508816
Right Sweep 3, E = 2.6388655963785714
Left Sweep  3, E = 2.6388664904134687
Right Sweep 4, E = 2.638866610004551
Left Sweep  4, E = 2.638866613098395
Right Sweep 5, E = 2.6388666133872216
Left Sweep  5, E = 2.6388666133872167

###########################################################################
Converged at E = 2.638866613387216
  Final Bond Dimension = 700
  Avg time per iter for final M = 0.0016727158517548532 s
  Total Time = 0.22866058349609375 s
###########################################################################



Exact Diagonalization Results Obtained
==================================================
E = (2.6388666121858426+1.913180878837803e-15j)
==================================================


Mean Field Convergence Achevied after 313 iterations
==================================================
E = (2.4238302835774426-4.46209818889915e-17j)
==================================================

Run 2D - Not Aligned

