Right Sweep 0, E = 1.8840238115836383
Left Sweep  0, E = 2.0407272954292917
Right Sweep 1, E = 2.0391477697947438
Left Sweep  1, E = 2.0402181126288346
Right Sweep 2, E = 2.040173669530125
Left Sweep  2, E = 2.0401688855263274
Right Sweep 3, E = 2.0401681935639244
Left Sweep  3, E = 2.04016791495277
Right Sweep 4, E = 2.0401678577761255
Left Sweep  4, E = 2.0401678632692146
Right Sweep 5, E = 2.040167863269214
Left Sweep  5, E = 2.040167863269216

###########################################################################
Converged at E = 2.0401678632692155
  Final Bond Dimension = 600
  Avg time per iter for final M = 0.001204002471197219 s
  Total Time = 0.10636758804321289 s
###########################################################################



Exact Diagonalization Results Obtained
==================================================
E = (2.040167863891856-1.912279887556263e-15j)
==================================================


Mean Field Convergence Achevied after 152 iterations
==================================================
E = (1.8975904699592405+3.2323759141755316e-17j)
==================================================

Run 2D - Not Aligned

Right Sweep 0, E = 32.428559396235364
Left Sweep  0, E = 16.255171021150577
Right Sweep 1, E = 16.24806021094024
Left Sweep  1, E = 16.278473166864316
Right Sweep 2, E = 16.294855511376696
Left Sweep  2, E = 16.300967450203725

!!!!!!!!!!!!!!!!!!!!!!!!!!!!!!!!!!!!!!!!!!!!!!!!!!!!!!!!!!!!!!!!!!!!!!!!!!!
Not Converged at E = 16.302360402093704
  Final Bond Dimension = 600
  Avg time per iter for final M = 3.2473484832773765 s
  Total Time = 1279.603075504303 s
!!!!!!!!!!!!!!!!!!!!!!!!!!!!!!!!!!!!!!!!!!!!!!!!!!!!!!!!!!!!!!!!!!!!!!!!!!!

