Right Sweep 0, E = 1.3409431767683948
Left Sweep  0, E = 1.7419646265253073
Right Sweep 1, E = 1.7564181412153141
Left Sweep  1, E = 1.7572683200583747
Right Sweep 2, E = 1.7572715808402737
Left Sweep  2, E = 1.7572730980910194
Right Sweep 3, E = 1.7572727697696808
Left Sweep  3, E = 1.757272792134286
Right Sweep 4, E = 1.757272790819274
Left Sweep  4, E = 1.7572727908192731

###########################################################################
Converged at E = 1.7572727908192718
  Final Bond Dimension = 1000
  Avg time per iter for final M = 0.0013051033020019531 s
  Total Time = 0.06956768035888672 s
###########################################################################



Exact Diagonalization Results Obtained
==================================================
E = (1.757272799005158+1.82754605605961e-16j)
==================================================


Mean Field Convergence Achevied after 27 iterations
==================================================
E = (1.653023170497412+1.6257860801884784e-17j)
==================================================

Run 2D - Not Aligned

Right Sweep 0, E = 19.435544784716182
Left Sweep  0, E = 10.402245077027242
Right Sweep 1, E = 10.524739316786459
Left Sweep  1, E = 10.540188936537072
Right Sweep 2, E = 10.542899118959479
Left Sweep  2, E = 10.543187408521263

!!!!!!!!!!!!!!!!!!!!!!!!!!!!!!!!!!!!!!!!!!!!!!!!!!!!!!!!!!!!!!!!!!!!!!!!!!!
Not Converged at E = 10.543278649146833
  Final Bond Dimension = 1000
  Avg time per iter for final M = 6.387388773191542 s
  Total Time = 1404.289722919464 s
!!!!!!!!!!!!!!!!!!!!!!!!!!!!!!!!!!!!!!!!!!!!!!!!!!!!!!!!!!!!!!!!!!!!!!!!!!!

