Right Sweep 0, E = 1.8840238115836383
Left Sweep  0, E = 2.040727295429293
Right Sweep 1, E = 2.0391477697947433
Left Sweep  1, E = 2.040218112628831
Right Sweep 2, E = 2.040173669530128
Left Sweep  2, E = 2.04016888552633
Right Sweep 3, E = 2.0401681935639253
Left Sweep  3, E = 2.0401679149527707
Right Sweep 4, E = 2.040167857776128
Left Sweep  4, E = 2.0401678632692173
Right Sweep 5, E = 2.040167863269214
Left Sweep  5, E = 2.040167863269216

###########################################################################
Converged at E = 2.0401678632692133
  Final Bond Dimension = 1000
  Avg time per iter for final M = 0.001215977328164237 s
  Total Time = 0.10726785659790039 s
###########################################################################



Exact Diagonalization Results Obtained
==================================================
E = (2.040167863891856-1.912279887556263e-15j)
==================================================


Mean Field Convergence Achevied after 152 iterations
==================================================
E = (1.8975904699592405+3.2323759141755316e-17j)
==================================================

Run 2D - Not Aligned

Right Sweep 0, E = 32.428559396235244
Left Sweep  0, E = 16.25277064220976
Right Sweep 1, E = 16.25018468296247
Left Sweep  1, E = 16.294742442622077
Right Sweep 2, E = 16.30633606525154
Left Sweep  2, E = 16.309295128793924

!!!!!!!!!!!!!!!!!!!!!!!!!!!!!!!!!!!!!!!!!!!!!!!!!!!!!!!!!!!!!!!!!!!!!!!!!!!
Not Converged at E = 16.309908552992038
  Final Bond Dimension = 1000
  Avg time per iter for final M = 11.700002675964718 s
  Total Time = 4612.645845174789 s
!!!!!!!!!!!!!!!!!!!!!!!!!!!!!!!!!!!!!!!!!!!!!!!!!!!!!!!!!!!!!!!!!!!!!!!!!!!

