Right Sweep 0, E = 1.8840238115836383
Left Sweep  0, E = 2.040727295429293
Right Sweep 1, E = 2.0391477697947424
Left Sweep  1, E = 2.040218112628831
Right Sweep 2, E = 2.0401736695301267
Left Sweep  2, E = 2.0401688855263282
Right Sweep 3, E = 2.040168193563927
Left Sweep  3, E = 2.04016791495277
Right Sweep 4, E = 2.040167857776126
Left Sweep  4, E = 2.0401678632692146
Right Sweep 5, E = 2.0401678632692155
Left Sweep  5, E = 2.040167863269218

###########################################################################
Converged at E = 2.0401678632692164
  Final Bond Dimension = 800
  Avg time per iter for final M = 0.0012250911621820358 s
  Total Time = 0.10823202133178711 s
###########################################################################



Exact Diagonalization Results Obtained
==================================================
E = (2.040167863891856-1.912279887556263e-15j)
==================================================


Mean Field Convergence Achevied after 152 iterations
==================================================
E = (1.8975904699592405+3.2323759141755316e-17j)
==================================================

Run 2D - Not Aligned

Right Sweep 0, E = 32.42855939623516
Left Sweep  0, E = 16.293250981481687
Right Sweep 1, E = 16.23965242802528
Left Sweep  1, E = 16.290569555065925
Right Sweep 2, E = 16.303182210777702
Left Sweep  2, E = 16.30637012743046

!!!!!!!!!!!!!!!!!!!!!!!!!!!!!!!!!!!!!!!!!!!!!!!!!!!!!!!!!!!!!!!!!!!!!!!!!!!
Not Converged at E = 16.306562415203057
  Final Bond Dimension = 800
  Avg time per iter for final M = 6.720406895592099 s
  Total Time = 2651.109159708023 s
!!!!!!!!!!!!!!!!!!!!!!!!!!!!!!!!!!!!!!!!!!!!!!!!!!!!!!!!!!!!!!!!!!!!!!!!!!!

