
Intel MKL ERROR: Parameter 4 was incorrect on entry to DLASCL.

Intel MKL ERROR: Parameter 4 was incorrect on entry to DLASCL.
Right Sweep 0, E = 2.970185081214126
Left Sweep  0, E = 2.9366173619066656
Right Sweep 1, E = 2.944467608949742
Left Sweep  1, E = 2.9446705744009125
Right Sweep 2, E = 2.9452921856328365
Left Sweep  2, E = 2.9453563989078972
Right Sweep 3, E = 2.9453545180567833
Left Sweep  3, E = 2.9453553296444603
Right Sweep 4, E = 2.945356392890663
Left Sweep  4, E = 2.945356223743387
Right Sweep 5, E = 2.9453562109497886
Left Sweep  5, E = 2.945356222278155
Right Sweep 6, E = 2.94535622397379
Left Sweep  6, E = 2.945356223973786

###########################################################################
Converged at E = 2.9453562239737923
  Final Bond Dimension = 1000
  Avg time per iter for final M = 0.0027586090695727004 s
  Total Time = 0.5174100399017334 s
###########################################################################

!!!!!!!!!!!!!!!!!!!!!!!!!!!!!!!!!!!!!!!!!!!!!!!!!!
Exact Diagonalization limited to systems of 12 or fewer sites
!!!!!!!!!!!!!!!!!!!!!!!!!!!!!!!!!!!!!!!!!!!!!!!!!!


Mean Field Convergence Achevied after 111 iterations
==================================================
E = (2.694934943059186-1.931217719028632e-17j)
==================================================

Run 2D - Not Aligned

