Right Sweep 0, E = 1.3409431767683948
Left Sweep  0, E = 1.7419646265253026
Right Sweep 1, E = 1.7564181412153146
Left Sweep  1, E = 1.7572683200583752
Right Sweep 2, E = 1.7572715808402724
Left Sweep  2, E = 1.757273098091019
Right Sweep 3, E = 1.7572727697696826
Left Sweep  3, E = 1.7572727921342852
Right Sweep 4, E = 1.7572727908192725
Left Sweep  4, E = 1.7572727908192713

###########################################################################
Converged at E = 1.7572727908192718
  Final Bond Dimension = 400
  Avg time per iter for final M = 0.0013061285018920899 s
  Total Time = 0.06949687004089355 s
###########################################################################



Exact Diagonalization Results Obtained
==================================================
E = (1.757272799005158+1.82754605605961e-16j)
==================================================


Mean Field Convergence Achevied after 27 iterations
==================================================
E = (1.653023170497412+1.6257860801884784e-17j)
==================================================

Run 2D - Not Aligned

Right Sweep 0, E = 19.435544784716182
Left Sweep  0, E = 10.365177304662375
Right Sweep 1, E = 10.479713439038164
Left Sweep  1, E = 10.53394616762174
Right Sweep 2, E = 10.540533965103648
Left Sweep  2, E = 10.54148766397781

!!!!!!!!!!!!!!!!!!!!!!!!!!!!!!!!!!!!!!!!!!!!!!!!!!!!!!!!!!!!!!!!!!!!!!!!!!!
Not Converged at E = 10.54167916543011
  Final Bond Dimension = 400
  Avg time per iter for final M = 0.6858357304618472 s
  Total Time = 150.45702838897705 s
!!!!!!!!!!!!!!!!!!!!!!!!!!!!!!!!!!!!!!!!!!!!!!!!!!!!!!!!!!!!!!!!!!!!!!!!!!!

