Right Sweep 0, E = 1.3409431767683948
Left Sweep  0, E = 1.7419646265253046
Right Sweep 1, E = 1.7564181412153137
Left Sweep  1, E = 1.7572683200583747
Right Sweep 2, E = 1.7572715808402724
Left Sweep  2, E = 1.757273098091023
Right Sweep 3, E = 1.7572727697696817
Left Sweep  3, E = 1.7572727921342852
Right Sweep 4, E = 1.7572727908192742
Left Sweep  4, E = 1.7572727908192727

###########################################################################
Converged at E = 1.7572727908192725
  Final Bond Dimension = 200
  Avg time per iter for final M = 0.0013160419464111328 s
  Total Time = 0.07000613212585449 s
###########################################################################



Exact Diagonalization Results Obtained
==================================================
E = (1.757272799005158+1.82754605605961e-16j)
==================================================


Mean Field Convergence Achevied after 27 iterations
==================================================
E = (1.653023170497412+1.6257860801884784e-17j)
==================================================

Run 2D - Not Aligned

Right Sweep 0, E = 19.4355447847162
Left Sweep  0, E = 10.395958169663365
Right Sweep 1, E = 10.459444612628293
Left Sweep  1, E = 10.526276252819144
Right Sweep 2, E = 10.53414692126892
Left Sweep  2, E = 10.5356951545474

!!!!!!!!!!!!!!!!!!!!!!!!!!!!!!!!!!!!!!!!!!!!!!!!!!!!!!!!!!!!!!!!!!!!!!!!!!!
Not Converged at E = 10.536224282104461
  Final Bond Dimension = 200
  Avg time per iter for final M = 0.09100691250392369 s
  Total Time = 20.184874296188354 s
!!!!!!!!!!!!!!!!!!!!!!!!!!!!!!!!!!!!!!!!!!!!!!!!!!!!!!!!!!!!!!!!!!!!!!!!!!!

