Right Sweep 0, E = 1.8840238115836405
Left Sweep  0, E = 2.331654049311823
Right Sweep 1, E = 2.3350521766599184
Left Sweep  1, E = 2.335936212709303
Right Sweep 2, E = 2.336185273717554
Left Sweep  2, E = 2.336190868191533
Right Sweep 3, E = 2.3361921765244236
Left Sweep  3, E = 2.3361920414813526
Right Sweep 4, E = 2.3361920272194903
Left Sweep  4, E = 2.3361920272194934

###########################################################################
Converged at E = 2.336192027219492
  Final Bond Dimension = 1000
  Avg time per iter for final M = 0.0013940175374348958 s
  Total Time = 0.13155055046081543 s
###########################################################################



Exact Diagonalization Results Obtained
==================================================
E = (2.336192026855134-2.5381782310566903e-15j)
==================================================


Mean Field Convergence Achevied after 61 iterations
==================================================
E = (2.1569830288460947+3.061475537021612e-17j)
==================================================

Run 2D - Not Aligned

Right Sweep 0, E = 47.59389654701472
Left Sweep  0, E = 22.701954575660743
Right Sweep 1, E = 23.282218020662985
Left Sweep  1, E = 23.27940289477423
Right Sweep 2, E = 23.291293848187156
Left Sweep  2, E = 23.30732877877899

!!!!!!!!!!!!!!!!!!!!!!!!!!!!!!!!!!!!!!!!!!!!!!!!!!!!!!!!!!!!!!!!!!!!!!!!!!!
Not Converged at E = 23.30902028500397
  Final Bond Dimension = 1000
  Avg time per iter for final M = 17.32477432670015 s
  Total Time = 10681.11884355545 s
!!!!!!!!!!!!!!!!!!!!!!!!!!!!!!!!!!!!!!!!!!!!!!!!!!!!!!!!!!!!!!!!!!!!!!!!!!!

