Right Sweep 0, E = 1.3409431767683946
Left Sweep  0, E = 1.7419646265253035
Right Sweep 1, E = 1.7564181412153144
Left Sweep  1, E = 1.7572683200583743
Right Sweep 2, E = 1.757271580840275
Left Sweep  2, E = 1.7572730980910198
Right Sweep 3, E = 1.75727276976968
Left Sweep  3, E = 1.757272792134284
Right Sweep 4, E = 1.757272790819274
Left Sweep  4, E = 1.7572727908192711

###########################################################################
Converged at E = 1.7572727908192707
  Final Bond Dimension = 700
  Avg time per iter for final M = 0.0012845325469970704 s
  Total Time = 0.06848621368408203 s
###########################################################################



Exact Diagonalization Results Obtained
==================================================
E = (1.757272799005158+1.82754605605961e-16j)
==================================================


Mean Field Convergence Achevied after 27 iterations
==================================================
E = (1.653023170497412+1.6257860801884784e-17j)
==================================================

Run 2D - Not Aligned

Right Sweep 0, E = 19.43554478471618
Left Sweep  0, E = 10.389509256250964
Right Sweep 1, E = 10.506057095078143
Left Sweep  1, E = 10.537881264911762
Right Sweep 2, E = 10.542483596409836
Left Sweep  2, E = 10.542847451251772

!!!!!!!!!!!!!!!!!!!!!!!!!!!!!!!!!!!!!!!!!!!!!!!!!!!!!!!!!!!!!!!!!!!!!!!!!!!
Not Converged at E = 10.542977719765702
  Final Bond Dimension = 700
  Avg time per iter for final M = 2.575133107957386 s
  Total Time = 566.1592750549316 s
!!!!!!!!!!!!!!!!!!!!!!!!!!!!!!!!!!!!!!!!!!!!!!!!!!!!!!!!!!!!!!!!!!!!!!!!!!!

