Right Sweep 0, E = 1.3409431767683946
Left Sweep  0, E = 1.7419646265253046
Right Sweep 1, E = 1.7564181412153128
Left Sweep  1, E = 1.7572683200583743
Right Sweep 2, E = 1.7572715808402724
Left Sweep  2, E = 1.7572730980910212
Right Sweep 3, E = 1.7572727697696795
Left Sweep  3, E = 1.7572727921342854
Right Sweep 4, E = 1.7572727908192742
Left Sweep  4, E = 1.7572727908192718

###########################################################################
Converged at E = 1.7572727908192716
  Final Bond Dimension = 600
  Avg time per iter for final M = 0.0012997913360595704 s
  Total Time = 0.0692906379699707 s
###########################################################################



Exact Diagonalization Results Obtained
==================================================
E = (1.757272799005158+1.82754605605961e-16j)
==================================================


Mean Field Convergence Achevied after 27 iterations
==================================================
E = (1.653023170497412+1.6257860801884784e-17j)
==================================================

Run 2D - Not Aligned

Right Sweep 0, E = 19.435544784716186
Left Sweep  0, E = 10.40441267209981
Right Sweep 1, E = 10.510361469975614
Left Sweep  1, E = 10.538729588964586
Right Sweep 2, E = 10.542320719932581
Left Sweep  2, E = 10.542774237461037

!!!!!!!!!!!!!!!!!!!!!!!!!!!!!!!!!!!!!!!!!!!!!!!!!!!!!!!!!!!!!!!!!!!!!!!!!!!
Not Converged at E = 10.542862426992054
  Final Bond Dimension = 600
  Avg time per iter for final M = 2.0722795361564272 s
  Total Time = 452.56007862091064 s
!!!!!!!!!!!!!!!!!!!!!!!!!!!!!!!!!!!!!!!!!!!!!!!!!!!!!!!!!!!!!!!!!!!!!!!!!!!

