Right Sweep 0, E = 1.3409431767683948
Left Sweep  0, E = 1.7419646265253044
Right Sweep 1, E = 1.7564181412153153
Left Sweep  1, E = 1.7572683200583743
Right Sweep 2, E = 1.7572715808402724
Left Sweep  2, E = 1.7572730980910194
Right Sweep 3, E = 1.757272769769683
Left Sweep  3, E = 1.7572727921342848
Right Sweep 4, E = 1.7572727908192742
Left Sweep  4, E = 1.757272790819272

###########################################################################
Converged at E = 1.7572727908192718
  Final Bond Dimension = 500
  Avg time per iter for final M = 0.00135775089263916 s
  Total Time = 0.07213306427001953 s
###########################################################################



Exact Diagonalization Results Obtained
==================================================
E = (1.757272799005158+1.82754605605961e-16j)
==================================================


Mean Field Convergence Achevied after 27 iterations
==================================================
E = (1.653023170497412+1.6257860801884784e-17j)
==================================================

Run 2D - Not Aligned

Right Sweep 0, E = 19.435544784716214
Left Sweep  0, E = 10.400465539888648
Right Sweep 1, E = 10.51268238540573
Left Sweep  1, E = 10.537289642352496
Right Sweep 2, E = 10.54183255370931
Left Sweep  2, E = 10.542320378362811

!!!!!!!!!!!!!!!!!!!!!!!!!!!!!!!!!!!!!!!!!!!!!!!!!!!!!!!!!!!!!!!!!!!!!!!!!!!
Not Converged at E = 10.542558482121013
  Final Bond Dimension = 500
  Avg time per iter for final M = 1.227137515658424 s
  Total Time = 268.84728503227234 s
!!!!!!!!!!!!!!!!!!!!!!!!!!!!!!!!!!!!!!!!!!!!!!!!!!!!!!!!!!!!!!!!!!!!!!!!!!!

