Right Sweep 0, E = 1.8840238115836383
Left Sweep  0, E = 2.040727295429293
Right Sweep 1, E = 2.0391477697947433
Left Sweep  1, E = 2.0402181126288284
Right Sweep 2, E = 2.0401736695301254
Left Sweep  2, E = 2.0401688855263287
Right Sweep 3, E = 2.0401681935639253
Left Sweep  3, E = 2.0401679149527667
Right Sweep 4, E = 2.0401678577761233
Left Sweep  4, E = 2.040167863269218
Right Sweep 5, E = 2.040167863269215
Left Sweep  5, E = 2.0401678632692164

###########################################################################
Converged at E = 2.0401678632692146
  Final Bond Dimension = 400
  Avg time per iter for final M = 0.0012147284689403715 s
  Total Time = 0.10731935501098633 s
###########################################################################



Exact Diagonalization Results Obtained
==================================================
E = (2.040167863891856-1.912279887556263e-15j)
==================================================


Mean Field Convergence Achevied after 152 iterations
==================================================
E = (1.8975904699592405+3.2323759141755316e-17j)
==================================================

Run 2D - Not Aligned

Right Sweep 0, E = 32.428559396235336
Left Sweep  0, E = 16.282150707050697
Right Sweep 1, E = 16.240476618651943
Left Sweep  1, E = 16.27283869532507
Right Sweep 2, E = 16.278316198284642
Left Sweep  2, E = 16.285580551622054

!!!!!!!!!!!!!!!!!!!!!!!!!!!!!!!!!!!!!!!!!!!!!!!!!!!!!!!!!!!!!!!!!!!!!!!!!!!
Not Converged at E = 16.286511078364803
  Final Bond Dimension = 400
  Avg time per iter for final M = 1.4109125257169128 s
  Total Time = 552.460141658783 s
!!!!!!!!!!!!!!!!!!!!!!!!!!!!!!!!!!!!!!!!!!!!!!!!!!!!!!!!!!!!!!!!!!!!!!!!!!!

