Right Sweep 0, E = 1.8840238115836383
Left Sweep  0, E = 2.0407272954292917
Right Sweep 1, E = 2.03914776979474
Left Sweep  1, E = 2.040218112628831
Right Sweep 2, E = 2.040173669530126
Left Sweep  2, E = 2.040168885526328
Right Sweep 3, E = 2.0401681935639244
Left Sweep  3, E = 2.0401679149527676
Right Sweep 4, E = 2.040167857776127
Left Sweep  4, E = 2.0401678632692173
Right Sweep 5, E = 2.040167863269215
Left Sweep  5, E = 2.0401678632692164

###########################################################################
Converged at E = 2.0401678632692137
  Final Bond Dimension = 100
  Avg time per iter for final M = 0.0014403490793137323 s
  Total Time = 0.1261434555053711 s
###########################################################################



Exact Diagonalization Results Obtained
==================================================
E = (2.040167863891856-1.912279887556263e-15j)
==================================================


Mean Field Convergence Achevied after 152 iterations
==================================================
E = (1.8975904699592405+3.2323759141755316e-17j)
==================================================

Run 2D - Not Aligned

Right Sweep 0, E = 32.428559396235315
Left Sweep  0, E = 16.41061211267925
Right Sweep 1, E = 16.26465176883773
Left Sweep  1, E = 16.23538169695695
Right Sweep 2, E = 16.217363399693316
Left Sweep  2, E = 16.215419785906274

!!!!!!!!!!!!!!!!!!!!!!!!!!!!!!!!!!!!!!!!!!!!!!!!!!!!!!!!!!!!!!!!!!!!!!!!!!!
Not Converged at E = 16.21721925901092
  Final Bond Dimension = 100
  Avg time per iter for final M = 0.029164076482177413 s
  Total Time = 11.48764419555664 s
!!!!!!!!!!!!!!!!!!!!!!!!!!!!!!!!!!!!!!!!!!!!!!!!!!!!!!!!!!!!!!!!!!!!!!!!!!!

